2020-08-18 15:40:48,621:INFO:crawler.logger:크롬브라우저로 아프리카 로그인
2020-08-18 15:40:52,357:INFO:crawler.logger:크롬브라우저로 아프리카 로그인
2020-08-18 15:40:57,564:INFO:crawler.logger:크롬브라우저로 아프리카 로그인
2020-08-18 15:41:02,855:INFO:crawler.logger:크롬브라우저로 아프리카 로그인
2020-08-18 15:41:09,424:INFO:crawler.logger:크롬브라우저로 아프리카 로그인
2020-08-18 15:41:13,043:INFO:crawler.logger:크롬브라우저로 아프리카 로그인
2020-08-18 15:41:17,850:INFO:crawler.logger:크롬브라우저로 아프리카 로그인
2020-08-18 15:41:22,915:INFO:crawler.logger:크롬브라우저로 아프리카 로그인
2020-08-18 15:41:25,261:WARNING:crawler.logger:kmotiv 성인처리
2020-08-18 15:41:25,277:INFO:crawler.logger:kmotiv님이 라이브 방송을 종료했습니다
2020-08-18 15:41:25,466:INFO:crawler.logger:kmotiv님의 채팅 데이터를 저장합니다.
2020-08-18 15:41:25,468:INFO:crawler.logger:크롬브라우저 종료
2020-08-18 15:41:26,875:WARNING:crawler.logger:kimdhun님 방송의 채팅량이 많아 다시 주기를 갱신
2020-08-18 15:41:54,189:WARNING:crawler.logger:kimdhun님 방송의 채팅량이 많아 다시 주기를 갱신
2020-08-18 15:42:55,212:WARNING:crawler.logger:b13246님의 방송 상태 불안정에 따른 새로고침을 실시: 1분 채팅대기
2020-08-18 15:43:05,162:INFO:crawler.logger:크롬브라우저로 아프리카 로그인
2020-08-18 15:43:47,998:WARNING:crawler.logger:kimdhun님 방송의 채팅량이 많아 다시 주기를 갱신
2020-08-18 15:44:04,590:WARNING:crawler.logger:kmotiv 성인처리
2020-08-18 15:44:04,607:INFO:crawler.logger:kmotiv님이 라이브 방송을 종료했습니다
2020-08-18 15:44:04,790:INFO:crawler.logger:kmotiv님의 채팅 데이터를 저장합니다.
2020-08-18 15:44:04,793:INFO:crawler.logger:크롬브라우저 종료
2020-08-18 15:45:10,871:WARNING:crawler.logger:b13246님의 방송 상태 불안정에 따른 새로고침을 실시: 1분 채팅대기
2020-08-18 15:45:20,273:INFO:crawler.logger:크롬브라우저로 아프리카 로그인
2020-08-18 15:46:25,461:WARNING:crawler.logger:b13246님의 방송 상태 불안정에 따른 새로고침을 실시: 1분 채팅대기
2020-08-18 15:47:05,777:WARNING:crawler.logger:kmotiv님의 방송 상태 불안정에 따른 새로고침을 실시: 1분 채팅대기
2020-08-18 15:47:39,747:WARNING:crawler.logger:b13246님의 방송 상태 불안정에 따른 새로고침을 실시: 1분 채팅대기
2020-08-18 15:48:19,910:WARNING:crawler.logger:kmotiv님의 방송 상태 불안정에 따른 새로고침을 실시: 1분 채팅대기
2020-08-18 15:48:57,261:INFO:crawler.logger:kmotiv 방송 종료
2020-08-18 15:48:57,277:WARNING:crawler.logger:b13246님의 방송 상태 불안정에 따른 새로고침을 실시: 1분 채팅대기
2020-08-18 15:48:57,291:WARNING:crawler.logger:kmotiv님 방송의 채팅량이 많아 다시 주기를 갱신
2020-08-18 15:49:06,727:INFO:crawler.logger:kmotiv 방송 종료
2020-08-18 15:49:06,857:INFO:crawler.logger:kmotiv님이 라이브 방송을 종료했습니다
2020-08-18 15:49:07,025:INFO:crawler.logger:kmotiv님의 채팅 데이터를 저장합니다.
2020-08-18 15:49:07,921:INFO:crawler.logger:크롬브라우저 종료
2020-08-18 15:50:11,483:WARNING:crawler.logger:b13246님의 방송 상태 불안정에 따른 새로고침을 실시: 1분 채팅대기
2020-08-18 15:50:39,869:WARNING:crawler.logger:kimdhun님의 방송 상태 불안정에 따른 새로고침을 실시: 1분 채팅대기
2020-08-18 15:50:44,674:WARNING:crawler.logger:b13246님 방송의 채팅량이 많아 다시 주기를 갱신
2020-08-18 15:50:47,150:WARNING:crawler.logger:kimdhun님 방송의 채팅량이 많아 다시 주기를 갱신
2020-08-18 15:51:56,817:WARNING:crawler.logger:b13246님의 방송 상태 불안정에 따른 새로고침을 실시: 1분 채팅대기
2020-08-18 15:53:09,134:WARNING:crawler.logger:b13246님의 방송 상태 불안정에 따른 새로고침을 실시: 1분 채팅대기
2020-08-18 15:53:35,771:WARNING:crawler.logger:skpod님의 방송 상태 불안정에 따른 새로고침을 실시: 1분 채팅대기
2020-08-18 15:53:42,732:WARNING:crawler.logger:skpod님 방송의 채팅량이 많아 다시 주기를 갱신
2020-08-18 15:53:50,560:WARNING:crawler.logger:kimdhun님 방송의 채팅량이 많아 다시 주기를 갱신
2020-08-18 15:54:07,274:WARNING:crawler.logger:skpod님 방송의 채팅량이 많아 다시 주기를 갱신
2020-08-18 15:55:35,873:WARNING:crawler.logger:b13246님의 방송 상태 불안정에 따른 새로고침을 실시: 1분 채팅대기
2020-08-18 15:55:59,916:INFO:crawler.logger:크롬브라우저로 아프리카 로그인
2020-08-18 15:56:15,036:WARNING:crawler.logger:skpod님 방송의 채팅량이 많아 다시 주기를 갱신
2020-08-18 15:56:15,995:WARNING:crawler.logger:kimdhun님의 방송 상태 불안정에 따른 새로고침을 실시: 1분 채팅대기
2020-08-18 15:56:22,905:WARNING:crawler.logger:kimdhun님 방송의 채팅량이 많아 다시 주기를 갱신
2020-08-18 15:56:48,063:WARNING:crawler.logger:b13246님의 방송 상태 불안정에 따른 새로고침을 실시: 1분 채팅대기
2020-08-18 15:57:06,335:WARNING:crawler.logger:b13246님 방송의 채팅량이 많아 다시 주기를 갱신
2020-08-18 15:58:08,232:WARNING:crawler.logger:partypeople님 방송의 채팅량이 많아 다시 주기를 갱신
2020-08-18 15:58:15,928:WARNING:crawler.logger:kimdhun님의 방송 상태 불안정에 따른 새로고침을 실시: 1분 채팅대기
2020-08-18 15:58:19,654:WARNING:crawler.logger:skpod님 방송의 채팅량이 많아 다시 주기를 갱신
2020-08-18 15:58:19,679:WARNING:crawler.logger:b13246님의 방송 상태 불안정에 따른 새로고침을 실시: 1분 채팅대기
2020-08-18 15:58:24,686:WARNING:crawler.logger:kimdhun님 방송의 채팅량이 많아 다시 주기를 갱신
2020-08-18 15:58:44,331:WARNING:crawler.logger:kimdhun님 방송의 채팅량이 많아 다시 주기를 갱신
2020-08-18 15:59:08,511:WARNING:crawler.logger:skpod님 방송의 채팅량이 많아 다시 주기를 갱신
2020-08-18 15:59:33,398:WARNING:crawler.logger:b13246님의 방송 상태 불안정에 따른 새로고침을 실시: 1분 채팅대기
2020-08-18 16:00:16,013:WARNING:crawler.logger:kimdhun님의 방송 상태 불안정에 따른 새로고침을 실시: 1분 채팅대기
2020-08-18 16:00:22,838:WARNING:crawler.logger:kimdhun님 방송의 채팅량이 많아 다시 주기를 갱신
2020-08-18 16:00:46,664:WARNING:crawler.logger:b13246님의 방송 상태 불안정에 따른 새로고침을 실시: 1분 채팅대기
2020-08-18 16:01:59,946:WARNING:crawler.logger:b13246님의 방송 상태 불안정에 따른 새로고침을 실시: 1분 채팅대기
2020-08-18 16:02:23,321:WARNING:crawler.logger:kimdhun님 방송의 채팅량이 많아 다시 주기를 갱신
2020-08-18 16:03:13,208:WARNING:crawler.logger:b13246님의 방송 상태 불안정에 따른 새로고침을 실시: 1분 채팅대기
2020-08-18 16:03:32,541:WARNING:crawler.logger:skpod님의 방송 상태 불안정에 따른 새로고침을 실시: 1분 채팅대기
2020-08-18 16:03:39,128:WARNING:crawler.logger:skpod님 방송의 채팅량이 많아 다시 주기를 갱신
2020-08-18 16:03:50,540:WARNING:crawler.logger:partypeople님 방송의 채팅량이 많아 다시 주기를 갱신
2020-08-18 16:04:05,560:WARNING:crawler.logger:kimdhun님의 방송 상태 불안정에 따른 새로고침을 실시: 1분 채팅대기
2020-08-18 16:04:15,252:WARNING:crawler.logger:kimdhun님 방송의 채팅량이 많아 다시 주기를 갱신
2020-08-18 16:04:25,771:WARNING:crawler.logger:b13246님의 방송 상태 불안정에 따른 새로고침을 실시: 1분 채팅대기
2020-08-18 16:05:29,372:WARNING:crawler.logger:kimdhun님 방송의 채팅량이 많아 다시 주기를 갱신
2020-08-18 16:05:38,055:WARNING:crawler.logger:skpod님 방송의 채팅량이 많아 다시 주기를 갱신
2020-08-18 16:05:39,278:WARNING:crawler.logger:b13246님의 방송 상태 불안정에 따른 새로고침을 실시: 1분 채팅대기
2020-08-18 16:06:52,558:WARNING:crawler.logger:b13246님의 방송 상태 불안정에 따른 새로고침을 실시: 1분 채팅대기
2020-08-18 16:06:58,515:WARNING:crawler.logger:kimdhun님의 방송 상태 불안정에 따른 새로고침을 실시: 1분 채팅대기
2020-08-18 16:07:05,669:WARNING:crawler.logger:kimdhun님 방송의 채팅량이 많아 다시 주기를 갱신
2020-08-18 16:08:05,867:WARNING:crawler.logger:b13246님의 방송 상태 불안정에 따른 새로고침을 실시: 1분 채팅대기
2020-08-18 16:09:21,469:WARNING:crawler.logger:b13246님의 방송 상태 불안정에 따른 새로고침을 실시: 1분 채팅대기
2020-08-18 16:10:34,863:WARNING:crawler.logger:b13246님의 방송 상태 불안정에 따른 새로고침을 실시: 1분 채팅대기
2020-08-18 16:10:57,283:WARNING:crawler.logger:skpod님 방송의 채팅량이 많아 다시 주기를 갱신
2020-08-18 16:11:48,135:WARNING:crawler.logger:b13246님의 방송 상태 불안정에 따른 새로고침을 실시: 1분 채팅대기
2020-08-18 16:12:49,197:WARNING:crawler.logger:skpod님 방송의 채팅량이 많아 다시 주기를 갱신
2020-08-18 16:13:01,387:WARNING:crawler.logger:b13246님의 방송 상태 불안정에 따른 새로고침을 실시: 1분 채팅대기
2020-08-18 16:14:15,229:WARNING:crawler.logger:b13246님의 방송 상태 불안정에 따른 새로고침을 실시: 1분 채팅대기
2020-08-18 16:15:08,411:WARNING:crawler.logger:phonics1님 방송의 채팅량이 많아 다시 주기를 갱신
2020-08-18 16:15:28,563:WARNING:crawler.logger:b13246님의 방송 상태 불안정에 따른 새로고침을 실시: 1분 채팅대기
2020-08-18 16:15:35,453:WARNING:crawler.logger:phonics1님 방송의 채팅량이 많아 다시 주기를 갱신
2020-08-18 16:15:52,544:WARNING:crawler.logger:skpod님 방송의 채팅량이 많아 다시 주기를 갱신
2020-08-18 16:16:41,743:WARNING:crawler.logger:b13246님의 방송 상태 불안정에 따른 새로고침을 실시: 1분 채팅대기
2020-08-18 16:17:33,152:WARNING:crawler.logger:phonics1님 방송의 채팅량이 많아 다시 주기를 갱신
2020-08-18 16:17:56,964:WARNING:crawler.logger:b13246님의 방송 상태 불안정에 따른 새로고침을 실시: 1분 채팅대기
2020-08-18 16:18:48,052:WARNING:crawler.logger:skpod님 방송의 채팅량이 많아 다시 주기를 갱신
2020-08-18 16:19:10,475:WARNING:crawler.logger:b13246님의 방송 상태 불안정에 따른 새로고침을 실시: 1분 채팅대기
2020-08-18 16:19:54,375:WARNING:crawler.logger:phonics1님 방송의 채팅량이 많아 다시 주기를 갱신
2020-08-18 16:20:25,309:WARNING:crawler.logger:b13246님의 방송 상태 불안정에 따른 새로고침을 실시: 1분 채팅대기
2020-08-18 16:20:37,817:WARNING:crawler.logger:skpod님 방송의 채팅량이 많아 다시 주기를 갱신
2020-08-18 16:21:38,450:WARNING:crawler.logger:b13246님의 방송 상태 불안정에 따른 새로고침을 실시: 1분 채팅대기
2020-08-18 16:22:07,453:WARNING:crawler.logger:skpod님 방송의 채팅량이 많아 다시 주기를 갱신
2020-08-18 16:22:51,563:WARNING:crawler.logger:b13246님의 방송 상태 불안정에 따른 새로고침을 실시: 1분 채팅대기
2020-08-18 16:23:43,875:WARNING:crawler.logger:skpod님의 방송 상태 불안정에 따른 새로고침을 실시: 1분 채팅대기
2020-08-18 16:23:50,402:WARNING:crawler.logger:skpod님 방송의 채팅량이 많아 다시 주기를 갱신
2020-08-18 16:25:05,643:WARNING:crawler.logger:b13246님의 방송 상태 불안정에 따른 새로고침을 실시: 1분 채팅대기
2020-08-18 16:26:00,744:WARNING:crawler.logger:skpod님의 방송 상태 불안정에 따른 새로고침을 실시: 1분 채팅대기
2020-08-18 16:26:10,618:WARNING:crawler.logger:skpod님 방송의 채팅량이 많아 다시 주기를 갱신
2020-08-18 16:26:25,922:WARNING:crawler.logger:b13246님의 방송 상태 불안정에 따른 새로고침을 실시: 1분 채팅대기
2020-08-18 16:27:39,909:INFO:crawler.logger:크롬브라우저로 아프리카 로그인
2020-08-18 16:27:41,528:WARNING:crawler.logger:b13246님의 방송 상태 불안정에 따른 새로고침을 실시: 1분 채팅대기
2020-08-18 16:28:57,053:WARNING:crawler.logger:b13246님의 방송 상태 불안정에 따른 새로고침을 실시: 1분 채팅대기
