2020-08-18 15:40:34,443:INFO:crawler.logger:크롤러 프로그램 실행
2020-08-18 15:40:37,751:INFO:crawler.logger:skpod님이 라이브 방송을 시작했습니다
2020-08-18 15:40:37,766:INFO:crawler.logger:phonics1님이 라이브 방송을 시작했습니다
2020-08-18 15:40:37,781:INFO:crawler.logger:b13246님이 라이브 방송을 시작했습니다
2020-08-18 15:40:37,795:INFO:crawler.logger:kimdhun님이 라이브 방송을 시작했습니다
2020-08-18 15:40:37,810:INFO:crawler.logger:partypeople님이 라이브 방송을 시작했습니다
2020-08-18 15:40:37,824:INFO:crawler.logger:rkdakstlr911님이 라이브 방송을 시작했습니다
2020-08-18 15:40:37,837:INFO:crawler.logger:enrms4865님이 라이브 방송을 시작했습니다
2020-08-18 15:40:37,851:INFO:crawler.logger:kmotiv님이 라이브 방송을 시작했습니다
2020-08-18 15:40:37,851:INFO:crawler.logger:타겟 크리에이터의 크롤링을 실시합니다
2020-08-18 15:42:39,740:INFO:crawler.logger:크롤러 프로그램 실행
2020-08-18 15:42:48,916:INFO:crawler.logger:kmotiv님이 라이브 방송을 시작했습니다
2020-08-18 15:42:48,917:INFO:crawler.logger:타겟 크리에이터의 크롤링을 실시합니다
2020-08-18 15:44:51,538:INFO:crawler.logger:크롤러 프로그램 실행
2020-08-18 15:45:09,601:INFO:crawler.logger:kmotiv님이 라이브 방송을 시작했습니다
2020-08-18 15:45:09,602:INFO:crawler.logger:타겟 크리에이터의 크롤링을 실시합니다
2020-08-18 15:47:12,192:INFO:crawler.logger:크롤러 프로그램 실행
2020-08-18 15:47:23,353:INFO:crawler.logger:새로 방송 킨 크리에이터가 없습니다
2020-08-18 15:49:23,723:INFO:crawler.logger:크롤러 프로그램 실행
2020-08-18 15:49:31,470:INFO:crawler.logger:새로 방송 킨 크리에이터가 없습니다
2020-08-18 15:51:31,808:INFO:crawler.logger:크롤러 프로그램 실행
2020-08-18 15:51:36,422:INFO:crawler.logger:새로 방송 킨 크리에이터가 없습니다
2020-08-18 15:53:36,739:INFO:crawler.logger:크롤러 프로그램 실행
2020-08-18 15:53:41,178:INFO:crawler.logger:새로 방송 킨 크리에이터가 없습니다
2020-08-18 15:55:41,507:INFO:crawler.logger:크롤러 프로그램 실행
2020-08-18 15:55:45,543:INFO:crawler.logger:rudals5467님이 라이브 방송을 시작했습니다
2020-08-18 15:55:45,544:INFO:crawler.logger:타겟 크리에이터의 크롤링을 실시합니다
2020-08-18 15:57:48,815:INFO:crawler.logger:크롤러 프로그램 실행
2020-08-18 15:57:53,095:INFO:crawler.logger:새로 방송 킨 크리에이터가 없습니다
2020-08-18 15:59:53,418:INFO:crawler.logger:크롤러 프로그램 실행
2020-08-18 15:59:58,197:INFO:crawler.logger:새로 방송 킨 크리에이터가 없습니다
2020-08-18 16:01:58,525:INFO:crawler.logger:크롤러 프로그램 실행
2020-08-18 16:02:03,366:INFO:crawler.logger:새로 방송 킨 크리에이터가 없습니다
2020-08-18 16:04:03,686:INFO:crawler.logger:크롤러 프로그램 실행
2020-08-18 16:04:11,543:INFO:crawler.logger:새로 방송 킨 크리에이터가 없습니다
2020-08-18 16:06:11,836:INFO:crawler.logger:크롤러 프로그램 실행
2020-08-18 16:06:17,254:INFO:crawler.logger:새로 방송 킨 크리에이터가 없습니다
2020-08-18 16:08:17,584:INFO:crawler.logger:크롤러 프로그램 실행
2020-08-18 16:08:22,148:INFO:crawler.logger:새로 방송 킨 크리에이터가 없습니다
2020-08-18 16:10:22,884:INFO:crawler.logger:크롤러 프로그램 실행
2020-08-18 16:10:27,640:INFO:crawler.logger:새로 방송 킨 크리에이터가 없습니다
2020-08-18 16:12:28,304:INFO:crawler.logger:크롤러 프로그램 실행
2020-08-18 16:12:33,204:INFO:crawler.logger:새로 방송 킨 크리에이터가 없습니다
2020-08-18 16:14:33,873:INFO:crawler.logger:크롤러 프로그램 실행
2020-08-18 16:14:38,833:INFO:crawler.logger:새로 방송 킨 크리에이터가 없습니다
2020-08-18 16:16:39,518:INFO:crawler.logger:크롤러 프로그램 실행
2020-08-18 16:16:43,849:INFO:crawler.logger:새로 방송 킨 크리에이터가 없습니다
2020-08-18 16:18:44,165:INFO:crawler.logger:크롤러 프로그램 실행
2020-08-18 16:18:54,300:INFO:crawler.logger:새로 방송 킨 크리에이터가 없습니다
2020-08-18 16:20:54,614:INFO:crawler.logger:크롤러 프로그램 실행
2020-08-18 16:20:59,840:INFO:crawler.logger:새로 방송 킨 크리에이터가 없습니다
2020-08-18 16:23:00,170:INFO:crawler.logger:크롤러 프로그램 실행
2020-08-18 16:23:04,844:INFO:crawler.logger:새로 방송 킨 크리에이터가 없습니다
2020-08-18 16:25:05,136:INFO:crawler.logger:크롤러 프로그램 실행
2020-08-18 16:25:10,011:INFO:crawler.logger:새로 방송 킨 크리에이터가 없습니다
2020-08-18 16:27:10,337:INFO:crawler.logger:크롤러 프로그램 실행
2020-08-18 16:27:28,695:INFO:crawler.logger:na2un님이 라이브 방송을 시작했습니다
2020-08-18 16:27:28,727:INFO:crawler.logger:타겟 크리에이터의 크롤링을 실시합니다
2020-08-18 16:29:32,204:INFO:crawler.logger:크롤러 프로그램 실행
2020-08-18 16:29:37,458:INFO:crawler.logger:새로 방송 킨 크리에이터가 없습니다
